# JRE version: Java(TM) SE Runtime Environment (8.0_231-b11) (build 1.8.0_231-b11)
# Java VM: Java HotSpot(TM) 64-Bit Server VM (25.231-b11 mixed mode windows-amd64 compressed oops)
Heap:
 PSYoungGen      total 125440K, used 60474K [0x000000076b380000, 0x0000000773c80000, 0x00000007c0000000)
  eden space 118784K, 45% used [0x000000076b380000,0x000000076e8a0d58,0x0000000772780000)
  from space 6656K, 91% used [0x0000000773600000,0x0000000773bede20,0x0000000773c80000)
  to   space 10752K, 0% used [0x0000000772780000,0x0000000772780000,0x0000000773200000)
 ParOldGen       total 184832K, used 11794K [0x00000006c1a00000, 0x00000006cce80000, 0x000000076b380000)
  object space 184832K, 6% used [0x00000006c1a00000,0x00000006c25848c8,0x00000006cce80000)
 Metaspace       used 38523K, capacity 40922K, committed 41344K, reserved 1085440K
  class space    used 5212K, capacity 5645K, committed 5760K, reserved 1048576K
GC Heap History (10 events):
Event: 3.210 GC heap before
{Heap before GC invocations=4 (full 1):
 PSYoungGen      total 76288K, used 65536K [0x000000076b380000, 0x0000000770880000, 0x00000007c0000000)
  eden space 65536K, 100% used [0x000000076b380000,0x000000076f380000,0x000000076f380000)
  from space 10752K, 0% used [0x000000076fe00000,0x000000076fe00000,0x0000000770880000)
  to   space 10752K, 0% used [0x000000076f380000,0x000000076f380000,0x000000076fe00000)
 ParOldGen       total 115200K, used 9573K [0x00000006c1a00000, 0x00000006c8a80000, 0x000000076b380000)
  object space 115200K, 8% used [0x00000006c1a00000,0x00000006c2359768,0x00000006c8a80000)
 Metaspace       used 25784K, capacity 27334K, committed 27648K, reserved 1073152K
  class space    used 3440K, capacity 3765K, committed 3840K, reserved 1048576K
Event: 3.214 GC heap after
Heap after GC invocations=4 (full 1):
 PSYoungGen      total 76288K, used 8340K [0x000000076b380000, 0x0000000771f00000, 0x00000007c0000000)
  eden space 65536K, 0% used [0x000000076b380000,0x000000076b380000,0x000000076f380000)
  from space 10752K, 77% used [0x000000076f380000,0x000000076fba52b8,0x000000076fe00000)
  to   space 10752K, 0% used [0x0000000771480000,0x0000000771480000,0x0000000771f00000)
 ParOldGen       total 115200K, used 9581K [0x00000006c1a00000, 0x00000006c8a80000, 0x000000076b380000)
  object space 115200K, 8% used [0x00000006c1a00000,0x00000006c235b768,0x00000006c8a80000)
 Metaspace       used 25784K, capacity 27334K, committed 27648K, reserved 1073152K
  class space    used 3440K, capacity 3765K, committed 3840K, reserved 1048576K
}
Event: 4.356 GC heap before
{Heap before GC invocations=5 (full 1):
 PSYoungGen      total 76288K, used 73876K [0x000000076b380000, 0x0000000771f00000, 0x00000007c0000000)
  eden space 65536K, 100% used [0x000000076b380000,0x000000076f380000,0x000000076f380000)
  from space 10752K, 77% used [0x000000076f380000,0x000000076fba52b8,0x000000076fe00000)
  to   space 10752K, 0% used [0x0000000771480000,0x0000000771480000,0x0000000771f00000)
 ParOldGen       total 115200K, used 9581K [0x00000006c1a00000, 0x00000006c8a80000, 0x000000076b380000)
  object space 115200K, 8% used [0x00000006c1a00000,0x00000006c235b768,0x00000006c8a80000)
 Metaspace       used 30041K, capacity 31740K, committed 31872K, reserved 1077248K
  class space    used 4031K, capacity 4368K, committed 4480K, reserved 1048576K
Event: 4.363 GC heap after
Heap after GC invocations=5 (full 1):
 PSYoungGen      total 98304K, used 7901K [0x000000076b380000, 0x0000000771e80000, 0x00000007c0000000)
  eden space 88064K, 0% used [0x000000076b380000,0x000000076b380000,0x0000000770980000)
  from space 10240K, 77% used [0x0000000771480000,0x0000000771c37670,0x0000000771e80000)
  to   space 10752K, 0% used [0x0000000770980000,0x0000000770980000,0x0000000771400000)
 ParOldGen       total 115200K, used 9589K [0x00000006c1a00000, 0x00000006c8a80000, 0x000000076b380000)
  object space 115200K, 8% used [0x00000006c1a00000,0x00000006c235d768,0x00000006c8a80000)
 Metaspace       used 30041K, capacity 31740K, committed 31872K, reserved 1077248K
  class space    used 4031K, capacity 4368K, committed 4480K, reserved 1048576K
}
Event: 4.903 GC heap before
{Heap before GC invocations=6 (full 1):
 PSYoungGen      total 98304K, used 46041K [0x000000076b380000, 0x0000000771e80000, 0x00000007c0000000)
  eden space 88064K, 43% used [0x000000076b380000,0x000000076d8bf068,0x0000000770980000)
  from space 10240K, 77% used [0x0000000771480000,0x0000000771c37670,0x0000000771e80000)
  to   space 10752K, 0% used [0x0000000770980000,0x0000000770980000,0x0000000771400000)
 ParOldGen       total 115200K, used 9589K [0x00000006c1a00000, 0x00000006c8a80000, 0x000000076b380000)
  object space 115200K, 8% used [0x00000006c1a00000,0x00000006c235d768,0x00000006c8a80000)
 Metaspace       used 33631K, capacity 35286K, committed 35416K, reserved 1079296K
  class space    used 4439K, capacity 4755K, committed 4864K, reserved 1048576K
Event: 4.910 GC heap after
Heap after GC invocations=6 (full 1):
 PSYoungGen      total 98816K, used 6757K [0x000000076b380000, 0x0000000774080000, 0x00000007c0000000)
  eden space 88064K, 0% used [0x000000076b380000,0x000000076b380000,0x0000000770980000)
  from space 10752K, 62% used [0x0000000770980000,0x0000000771019798,0x0000000771400000)
  to   space 10752K, 0% used [0x0000000773600000,0x0000000773600000,0x0000000774080000)
 ParOldGen       total 115200K, used 9661K [0x00000006c1a00000, 0x00000006c8a80000, 0x000000076b380000)
  object space 115200K, 8% used [0x00000006c1a00000,0x00000006c236f778,0x00000006c8a80000)
 Metaspace       used 33631K, capacity 35286K, committed 35416K, reserved 1079296K
  class space    used 4439K, capacity 4755K, committed 4864K, reserved 1048576K
}
Event: 4.910 GC heap before
{Heap before GC invocations=7 (full 2):
 PSYoungGen      total 98816K, used 6757K [0x000000076b380000, 0x0000000774080000, 0x00000007c0000000)
  eden space 88064K, 0% used [0x000000076b380000,0x000000076b380000,0x0000000770980000)
  from space 10752K, 62% used [0x0000000770980000,0x0000000771019798,0x0000000771400000)
  to   space 10752K, 0% used [0x0000000773600000,0x0000000773600000,0x0000000774080000)
 ParOldGen       total 115200K, used 9661K [0x00000006c1a00000, 0x00000006c8a80000, 0x000000076b380000)
  object space 115200K, 8% used [0x00000006c1a00000,0x00000006c236f778,0x00000006c8a80000)
 Metaspace       used 33631K, capacity 35286K, committed 35416K, reserved 1079296K
  class space    used 4439K, capacity 4755K, committed 4864K, reserved 1048576K
Event: 4.951 GC heap after
Heap after GC invocations=7 (full 2):
 PSYoungGen      total 98816K, used 0K [0x000000076b380000, 0x0000000774080000, 0x00000007c0000000)
  eden space 88064K, 0% used [0x000000076b380000,0x000000076b380000,0x0000000770980000)
  from space 10752K, 0% used [0x0000000770980000,0x0000000770980000,0x0000000771400000)
  to   space 10752K, 0% used [0x0000000773600000,0x0000000773600000,0x0000000774080000)
 ParOldGen       total 184832K, used 11786K [0x00000006c1a00000, 0x00000006cce80000, 0x000000076b380000)
  object space 184832K, 6% used [0x00000006c1a00000,0x00000006c25828c8,0x00000006cce80000)
 Metaspace       used 33631K, capacity 35286K, committed 35416K, reserved 1079296K
  class space    used 4439K, capacity 4755K, committed 4864K, reserved 1048576K
}
Event: 6.666 GC heap before
{Heap before GC invocations=8 (full 2):
 PSYoungGen      total 98816K, used 88064K [0x000000076b380000, 0x0000000774080000, 0x00000007c0000000)
  eden space 88064K, 100% used [0x000000076b380000,0x0000000770980000,0x0000000770980000)
  from space 10752K, 0% used [0x0000000770980000,0x0000000770980000,0x0000000771400000)
  to   space 10752K, 0% used [0x0000000773600000,0x0000000773600000,0x0000000774080000)
 ParOldGen       total 184832K, used 11786K [0x00000006c1a00000, 0x00000006cce80000, 0x000000076b380000)
  object space 184832K, 6% used [0x00000006c1a00000,0x00000006c25828c8,0x00000006cce80000)
 Metaspace       used 35895K, capacity 38278K, committed 38528K, reserved 1083392K
  class space    used 4773K, capacity 5189K, committed 5248K, reserved 1048576K
Event: 6.674 GC heap after
Heap after GC invocations=8 (full 2):
 PSYoungGen      total 125440K, used 6071K [0x000000076b380000, 0x0000000773c80000, 0x00000007c0000000)
  eden space 118784K, 0% used [0x000000076b380000,0x000000076b380000,0x0000000772780000)
  from space 6656K, 91% used [0x0000000773600000,0x0000000773bede20,0x0000000773c80000)
  to   space 10752K, 0% used [0x0000000772780000,0x0000000772780000,0x0000000773200000)
 ParOldGen       total 184832K, used 11794K [0x00000006c1a00000, 0x00000006cce80000, 0x000000076b380000)
  object space 184832K, 6% used [0x00000006c1a00000,0x00000006c25848c8,0x00000006cce80000)
 Metaspace       used 35895K, capacity 38278K, committed 38528K, reserved 1083392K
  class space    used 4773K, capacity 5189K, committed 5248K, reserved 1048576K
}

