# JRE version: Java(TM) SE Runtime Environment (8.0_231-b11) (build 1.8.0_231-b11)
# Java VM: Java HotSpot(TM) 64-Bit Server VM (25.231-b11 mixed mode windows-amd64 compressed oops)
Heap:
 PSYoungGen      total 197120K, used 97683K [0x000000076b380000, 0x0000000778080000, 0x00000007c0000000)
  eden space 186368K, 52% used [0x000000076b380000,0x00000007712e4ef0,0x0000000776980000)
  from space 10752K, 0% used [0x0000000777400000,0x0000000777400000,0x0000000777e80000)
  to   space 10752K, 0% used [0x0000000776980000,0x0000000776980000,0x0000000777400000)
 ParOldGen       total 111104K, used 12089K [0x00000006c1a00000, 0x00000006c8680000, 0x000000076b380000)
  object space 111104K, 10% used [0x00000006c1a00000,0x00000006c25ce7c0,0x00000006c8680000)
 Metaspace       used 36263K, capacity 38668K, committed 38912K, reserved 1083392K
  class space    used 4820K, capacity 5254K, committed 5376K, reserved 1048576K
GC Heap History (10 events):
Event: 1.472 GC heap before
{Heap before GC invocations=2 (full 0):
 PSYoungGen      total 76288K, used 69970K [0x000000076b380000, 0x0000000774880000, 0x00000007c0000000)
  eden space 65536K, 93% used [0x000000076b380000,0x000000076ef6ccf8,0x000000076f380000)
  from space 10752K, 80% used [0x000000076f380000,0x000000076fbe7bc8,0x000000076fe00000)
  to   space 10752K, 0% used [0x0000000773e00000,0x0000000773e00000,0x0000000774880000)
 ParOldGen       total 175104K, used 16K [0x00000006c1a00000, 0x00000006cc500000, 0x000000076b380000)
  object space 175104K, 0% used [0x00000006c1a00000,0x00000006c1a04000,0x00000006cc500000)
 Metaspace       used 19952K, capacity 21168K, committed 21296K, reserved 1067008K
  class space    used 2715K, capacity 2984K, committed 3072K, reserved 1048576K
Event: 1.479 GC heap after
Heap after GC invocations=2 (full 0):
 PSYoungGen      total 141824K, used 10086K [0x000000076b380000, 0x0000000774880000, 0x00000007c0000000)
  eden space 131072K, 0% used [0x000000076b380000,0x000000076b380000,0x0000000773380000)
  from space 10752K, 93% used [0x0000000773e00000,0x00000007747d99b8,0x0000000774880000)
  to   space 10752K, 0% used [0x0000000773380000,0x0000000773380000,0x0000000773e00000)
 ParOldGen       total 175104K, used 24K [0x00000006c1a00000, 0x00000006cc500000, 0x000000076b380000)
  object space 175104K, 0% used [0x00000006c1a00000,0x00000006c1a06000,0x00000006cc500000)
 Metaspace       used 19952K, capacity 21168K, committed 21296K, reserved 1067008K
  class space    used 2715K, capacity 2984K, committed 3072K, reserved 1048576K
}
Event: 1.479 GC heap before
{Heap before GC invocations=3 (full 1):
 PSYoungGen      total 141824K, used 10086K [0x000000076b380000, 0x0000000774880000, 0x00000007c0000000)
  eden space 131072K, 0% used [0x000000076b380000,0x000000076b380000,0x0000000773380000)
  from space 10752K, 93% used [0x0000000773e00000,0x00000007747d99b8,0x0000000774880000)
  to   space 10752K, 0% used [0x0000000773380000,0x0000000773380000,0x0000000773e00000)
 ParOldGen       total 175104K, used 24K [0x00000006c1a00000, 0x00000006cc500000, 0x000000076b380000)
  object space 175104K, 0% used [0x00000006c1a00000,0x00000006c1a06000,0x00000006cc500000)
 Metaspace       used 19952K, capacity 21168K, committed 21296K, reserved 1067008K
  class space    used 2715K, capacity 2984K, committed 3072K, reserved 1048576K
Event: 1.502 GC heap after
Heap after GC invocations=3 (full 1):
 PSYoungGen      total 141824K, used 0K [0x000000076b380000, 0x0000000774880000, 0x00000007c0000000)
  eden space 131072K, 0% used [0x000000076b380000,0x000000076b380000,0x0000000773380000)
  from space 10752K, 0% used [0x0000000773e00000,0x0000000773e00000,0x0000000774880000)
  to   space 10752K, 0% used [0x0000000773380000,0x0000000773380000,0x0000000773e00000)
 ParOldGen       total 111104K, used 9647K [0x00000006c1a00000, 0x00000006c8680000, 0x000000076b380000)
  object space 111104K, 8% used [0x00000006c1a00000,0x00000006c236bc38,0x00000006c8680000)
 Metaspace       used 19952K, capacity 21168K, committed 21296K, reserved 1067008K
  class space    used 2715K, capacity 2984K, committed 3072K, reserved 1048576K
}
Event: 2.726 GC heap before
{Heap before GC invocations=4 (full 1):
 PSYoungGen      total 141824K, used 131072K [0x000000076b380000, 0x0000000774880000, 0x00000007c0000000)
  eden space 131072K, 100% used [0x000000076b380000,0x0000000773380000,0x0000000773380000)
  from space 10752K, 0% used [0x0000000773e00000,0x0000000773e00000,0x0000000774880000)
  to   space 10752K, 0% used [0x0000000773380000,0x0000000773380000,0x0000000773e00000)
 ParOldGen       total 111104K, used 9647K [0x00000006c1a00000, 0x00000006c8680000, 0x000000076b380000)
  object space 111104K, 8% used [0x00000006c1a00000,0x00000006c236bc38,0x00000006c8680000)
 Metaspace       used 29757K, capacity 31516K, committed 31744K, reserved 1077248K
  class space    used 3988K, capacity 4336K, committed 4352K, reserved 1048576K
Event: 2.736 GC heap after
Heap after GC invocations=4 (full 1):
 PSYoungGen      total 141824K, used 10731K [0x000000076b380000, 0x0000000777e80000, 0x00000007c0000000)
  eden space 131072K, 0% used [0x000000076b380000,0x000000076b380000,0x0000000773380000)
  from space 10752K, 99% used [0x0000000773380000,0x0000000773dfafa0,0x0000000773e00000)
  to   space 10752K, 0% used [0x0000000777400000,0x0000000777400000,0x0000000777e80000)
 ParOldGen       total 111104K, used 12580K [0x00000006c1a00000, 0x00000006c8680000, 0x000000076b380000)
  object space 111104K, 11% used [0x00000006c1a00000,0x00000006c2649020,0x00000006c8680000)
 Metaspace       used 29757K, capacity 31516K, committed 31744K, reserved 1077248K
  class space    used 3988K, capacity 4336K, committed 4352K, reserved 1048576K
}
Event: 3.195 GC heap before
{Heap before GC invocations=5 (full 1):
 PSYoungGen      total 141824K, used 54028K [0x000000076b380000, 0x0000000777e80000, 0x00000007c0000000)
  eden space 131072K, 33% used [0x000000076b380000,0x000000076ddc8390,0x0000000773380000)
  from space 10752K, 99% used [0x0000000773380000,0x0000000773dfafa0,0x0000000773e00000)
  to   space 10752K, 0% used [0x0000000777400000,0x0000000777400000,0x0000000777e80000)
 ParOldGen       total 111104K, used 12580K [0x00000006c1a00000, 0x00000006c8680000, 0x000000076b380000)
  object space 111104K, 11% used [0x00000006c1a00000,0x00000006c2649020,0x00000006c8680000)
 Metaspace       used 33684K, capacity 35382K, committed 35496K, reserved 1079296K
  class space    used 4443K, capacity 4787K, committed 4864K, reserved 1048576K
Event: 3.202 GC heap after
Heap after GC invocations=5 (full 1):
 PSYoungGen      total 197120K, used 7019K [0x000000076b380000, 0x0000000778080000, 0x00000007c0000000)
  eden space 186368K, 0% used [0x000000076b380000,0x000000076b380000,0x0000000776980000)
  from space 10752K, 65% used [0x0000000777400000,0x0000000777adaf80,0x0000000777e80000)
  to   space 10752K, 0% used [0x0000000776980000,0x0000000776980000,0x0000000777400000)
 ParOldGen       total 111104K, used 12652K [0x00000006c1a00000, 0x00000006c8680000, 0x000000076b380000)
  object space 111104K, 11% used [0x00000006c1a00000,0x00000006c265b030,0x00000006c8680000)
 Metaspace       used 33684K, capacity 35382K, committed 35496K, reserved 1079296K
  class space    used 4443K, capacity 4787K, committed 4864K, reserved 1048576K
}
Event: 3.202 GC heap before
{Heap before GC invocations=6 (full 2):
 PSYoungGen      total 197120K, used 7019K [0x000000076b380000, 0x0000000778080000, 0x00000007c0000000)
  eden space 186368K, 0% used [0x000000076b380000,0x000000076b380000,0x0000000776980000)
  from space 10752K, 65% used [0x0000000777400000,0x0000000777adaf80,0x0000000777e80000)
  to   space 10752K, 0% used [0x0000000776980000,0x0000000776980000,0x0000000777400000)
 ParOldGen       total 111104K, used 12652K [0x00000006c1a00000, 0x00000006c8680000, 0x000000076b380000)
  object space 111104K, 11% used [0x00000006c1a00000,0x00000006c265b030,0x00000006c8680000)
 Metaspace       used 33684K, capacity 35382K, committed 35496K, reserved 1079296K
  class space    used 4443K, capacity 4787K, committed 4864K, reserved 1048576K
Event: 3.241 GC heap after
Heap after GC invocations=6 (full 2):
 PSYoungGen      total 197120K, used 0K [0x000000076b380000, 0x0000000778080000, 0x00000007c0000000)
  eden space 186368K, 0% used [0x000000076b380000,0x000000076b380000,0x0000000776980000)
  from space 10752K, 0% used [0x0000000777400000,0x0000000777400000,0x0000000777e80000)
  to   space 10752K, 0% used [0x0000000776980000,0x0000000776980000,0x0000000777400000)
 ParOldGen       total 111104K, used 12089K [0x00000006c1a00000, 0x00000006c8680000, 0x000000076b380000)
  object space 111104K, 10% used [0x00000006c1a00000,0x00000006c25ce7c0,0x00000006c8680000)
 Metaspace       used 33684K, capacity 35382K, committed 35496K, reserved 1079296K
  class space    used 4443K, capacity 4787K, committed 4864K, reserved 1048576K
}

