# JRE version: Java(TM) SE Runtime Environment (8.0_231-b11) (build 1.8.0_231-b11)
# Java VM: Java HotSpot(TM) 64-Bit Server VM (25.231-b11 mixed mode windows-amd64 compressed oops)
Heap:
 PSYoungGen      total 97280K, used 68400K [0x000000076b380000, 0x0000000773a00000, 0x00000007c0000000)
  eden space 86528K, 79% used [0x000000076b380000,0x000000076f64c308,0x0000000770800000)
  from space 10752K, 0% used [0x0000000770800000,0x0000000770800000,0x0000000771280000)
  to   space 10752K, 0% used [0x0000000772f80000,0x0000000772f80000,0x0000000773a00000)
 ParOldGen       total 118272K, used 11851K [0x00000006c1a00000, 0x00000006c8d80000, 0x000000076b380000)
  object space 118272K, 10% used [0x00000006c1a00000,0x00000006c2592d58,0x00000006c8d80000)
 Metaspace       used 35704K, capacity 37968K, committed 38272K, reserved 1083392K
  class space    used 4739K, capacity 5130K, committed 5248K, reserved 1048576K
GC Heap History (10 events):
Event: 2.584 GC heap before
{Heap before GC invocations=3 (full 1):
 PSYoungGen      total 76288K, used 10055K [0x000000076b380000, 0x0000000770880000, 0x00000007c0000000)
  eden space 65536K, 0% used [0x000000076b380000,0x000000076b380000,0x000000076f380000)
  from space 10752K, 93% used [0x000000076fe00000,0x00000007707d1de0,0x0000000770880000)
  to   space 10752K, 0% used [0x000000076f380000,0x000000076f380000,0x000000076fe00000)
 ParOldGen       total 175104K, used 24K [0x00000006c1a00000, 0x00000006cc500000, 0x000000076b380000)
  object space 175104K, 0% used [0x00000006c1a00000,0x00000006c1a06000,0x00000006cc500000)
 Metaspace       used 19936K, capacity 21164K, committed 21296K, reserved 1067008K
  class space    used 2715K, capacity 2984K, committed 3072K, reserved 1048576K
Event: 2.619 GC heap after
Heap after GC invocations=3 (full 1):
 PSYoungGen      total 76288K, used 0K [0x000000076b380000, 0x0000000770880000, 0x00000007c0000000)
  eden space 65536K, 0% used [0x000000076b380000,0x000000076b380000,0x000000076f380000)
  from space 10752K, 0% used [0x000000076fe00000,0x000000076fe00000,0x0000000770880000)
  to   space 10752K, 0% used [0x000000076f380000,0x000000076f380000,0x000000076fe00000)
 ParOldGen       total 118272K, used 9622K [0x00000006c1a00000, 0x00000006c8d80000, 0x000000076b380000)
  object space 118272K, 8% used [0x00000006c1a00000,0x00000006c2365a48,0x00000006c8d80000)
 Metaspace       used 19936K, capacity 21164K, committed 21296K, reserved 1067008K
  class space    used 2715K, capacity 2984K, committed 3072K, reserved 1048576K
}
Event: 3.664 GC heap before
{Heap before GC invocations=4 (full 1):
 PSYoungGen      total 76288K, used 65536K [0x000000076b380000, 0x0000000770880000, 0x00000007c0000000)
  eden space 65536K, 100% used [0x000000076b380000,0x000000076f380000,0x000000076f380000)
  from space 10752K, 0% used [0x000000076fe00000,0x000000076fe00000,0x0000000770880000)
  to   space 10752K, 0% used [0x000000076f380000,0x000000076f380000,0x000000076fe00000)
 ParOldGen       total 118272K, used 9622K [0x00000006c1a00000, 0x00000006c8d80000, 0x000000076b380000)
  object space 118272K, 8% used [0x00000006c1a00000,0x00000006c2365a48,0x00000006c8d80000)
 Metaspace       used 25864K, capacity 27406K, committed 27648K, reserved 1073152K
  class space    used 3455K, capacity 3767K, committed 3840K, reserved 1048576K
Event: 3.668 GC heap after
Heap after GC invocations=4 (full 1):
 PSYoungGen      total 76288K, used 8444K [0x000000076b380000, 0x0000000771d00000, 0x00000007c0000000)
  eden space 65536K, 0% used [0x000000076b380000,0x000000076b380000,0x000000076f380000)
  from space 10752K, 78% used [0x000000076f380000,0x000000076fbbf260,0x000000076fe00000)
  to   space 10752K, 0% used [0x0000000771280000,0x0000000771280000,0x0000000771d00000)
 ParOldGen       total 118272K, used 9630K [0x00000006c1a00000, 0x00000006c8d80000, 0x000000076b380000)
  object space 118272K, 8% used [0x00000006c1a00000,0x00000006c2367a48,0x00000006c8d80000)
 Metaspace       used 25864K, capacity 27406K, committed 27648K, reserved 1073152K
  class space    used 3455K, capacity 3767K, committed 3840K, reserved 1048576K
}
Event: 4.865 GC heap before
{Heap before GC invocations=5 (full 1):
 PSYoungGen      total 76288K, used 73980K [0x000000076b380000, 0x0000000771d00000, 0x00000007c0000000)
  eden space 65536K, 100% used [0x000000076b380000,0x000000076f380000,0x000000076f380000)
  from space 10752K, 78% used [0x000000076f380000,0x000000076fbbf260,0x000000076fe00000)
  to   space 10752K, 0% used [0x0000000771280000,0x0000000771280000,0x0000000771d00000)
 ParOldGen       total 118272K, used 9630K [0x00000006c1a00000, 0x00000006c8d80000, 0x000000076b380000)
  object space 118272K, 8% used [0x00000006c1a00000,0x00000006c2367a48,0x00000006c8d80000)
 Metaspace       used 30015K, capacity 31736K, committed 31872K, reserved 1077248K
  class space    used 4028K, capacity 4368K, committed 4480K, reserved 1048576K
Event: 4.874 GC heap after
Heap after GC invocations=5 (full 1):
 PSYoungGen      total 97280K, used 7720K [0x000000076b380000, 0x0000000771d80000, 0x00000007c0000000)
  eden space 86528K, 0% used [0x000000076b380000,0x000000076b380000,0x0000000770800000)
  from space 10752K, 71% used [0x0000000771280000,0x0000000771a0a018,0x0000000771d00000)
  to   space 10752K, 0% used [0x0000000770800000,0x0000000770800000,0x0000000771280000)
 ParOldGen       total 118272K, used 9638K [0x00000006c1a00000, 0x00000006c8d80000, 0x000000076b380000)
  object space 118272K, 8% used [0x00000006c1a00000,0x00000006c2369a48,0x00000006c8d80000)
 Metaspace       used 30015K, capacity 31736K, committed 31872K, reserved 1077248K
  class space    used 4028K, capacity 4368K, committed 4480K, reserved 1048576K
}
Event: 5.453 GC heap before
{Heap before GC invocations=6 (full 1):
 PSYoungGen      total 97280K, used 45650K [0x000000076b380000, 0x0000000771d80000, 0x00000007c0000000)
  eden space 86528K, 43% used [0x000000076b380000,0x000000076d88a8d0,0x0000000770800000)
  from space 10752K, 71% used [0x0000000771280000,0x0000000771a0a018,0x0000000771d00000)
  to   space 10752K, 0% used [0x0000000770800000,0x0000000770800000,0x0000000771280000)
 ParOldGen       total 118272K, used 9638K [0x00000006c1a00000, 0x00000006c8d80000, 0x000000076b380000)
  object space 118272K, 8% used [0x00000006c1a00000,0x00000006c2369a48,0x00000006c8d80000)
 Metaspace       used 33631K, capacity 35378K, committed 35496K, reserved 1079296K
  class space    used 4445K, capacity 4787K, committed 4864K, reserved 1048576K
Event: 5.459 GC heap after
Heap after GC invocations=6 (full 1):
 PSYoungGen      total 97280K, used 6829K [0x000000076b380000, 0x0000000773a00000, 0x00000007c0000000)
  eden space 86528K, 0% used [0x000000076b380000,0x000000076b380000,0x0000000770800000)
  from space 10752K, 63% used [0x0000000770800000,0x0000000770eab5c0,0x0000000771280000)
  to   space 10752K, 0% used [0x0000000772f80000,0x0000000772f80000,0x0000000773a00000)
 ParOldGen       total 118272K, used 9710K [0x00000006c1a00000, 0x00000006c8d80000, 0x000000076b380000)
  object space 118272K, 8% used [0x00000006c1a00000,0x00000006c237ba58,0x00000006c8d80000)
 Metaspace       used 33631K, capacity 35378K, committed 35496K, reserved 1079296K
  class space    used 4445K, capacity 4787K, committed 4864K, reserved 1048576K
}
Event: 5.459 GC heap before
{Heap before GC invocations=7 (full 2):
 PSYoungGen      total 97280K, used 6829K [0x000000076b380000, 0x0000000773a00000, 0x00000007c0000000)
  eden space 86528K, 0% used [0x000000076b380000,0x000000076b380000,0x0000000770800000)
  from space 10752K, 63% used [0x0000000770800000,0x0000000770eab5c0,0x0000000771280000)
  to   space 10752K, 0% used [0x0000000772f80000,0x0000000772f80000,0x0000000773a00000)
 ParOldGen       total 118272K, used 9710K [0x00000006c1a00000, 0x00000006c8d80000, 0x000000076b380000)
  object space 118272K, 8% used [0x00000006c1a00000,0x00000006c237ba58,0x00000006c8d80000)
 Metaspace       used 33631K, capacity 35378K, committed 35496K, reserved 1079296K
  class space    used 4445K, capacity 4787K, committed 4864K, reserved 1048576K
Event: 5.496 GC heap after
Heap after GC invocations=7 (full 2):
 PSYoungGen      total 97280K, used 0K [0x000000076b380000, 0x0000000773a00000, 0x00000007c0000000)
  eden space 86528K, 0% used [0x000000076b380000,0x000000076b380000,0x0000000770800000)
  from space 10752K, 0% used [0x0000000770800000,0x0000000770800000,0x0000000771280000)
  to   space 10752K, 0% used [0x0000000772f80000,0x0000000772f80000,0x0000000773a00000)
 ParOldGen       total 118272K, used 11851K [0x00000006c1a00000, 0x00000006c8d80000, 0x000000076b380000)
  object space 118272K, 10% used [0x00000006c1a00000,0x00000006c2592d58,0x00000006c8d80000)
 Metaspace       used 33631K, capacity 35378K, committed 35496K, reserved 1079296K
  class space    used 4445K, capacity 4787K, committed 4864K, reserved 1048576K
}

