# JRE version: Java(TM) SE Runtime Environment (8.0_231-b11) (build 1.8.0_231-b11)
# Java VM: Java HotSpot(TM) 64-Bit Server VM (25.231-b11 mixed mode windows-amd64 compressed oops)
Heap:
 PSYoungGen      total 182272K, used 46911K [0x000000076b380000, 0x0000000779080000, 0x00000007c0000000)
  eden space 169472K, 27% used [0x000000076b380000,0x000000076e14ff58,0x0000000775900000)
  from space 12800K, 0% used [0x0000000776580000,0x0000000776580000,0x0000000777200000)
  to   space 12800K, 0% used [0x0000000775900000,0x0000000775900000,0x0000000776580000)
 ParOldGen       total 147968K, used 13845K [0x00000006c1a00000, 0x00000006caa80000, 0x000000076b380000)
  object space 147968K, 9% used [0x00000006c1a00000,0x00000006c2785630,0x00000006caa80000)
 Metaspace       used 36989K, capacity 38941K, committed 39168K, reserved 1083392K
  class space    used 4895K, capacity 5264K, committed 5376K, reserved 1048576K
GC Heap History (10 events):
Event: 4.258 GC heap before
{Heap before GC invocations=4 (full 1):
 PSYoungGen      total 76288K, used 5817K [0x000000076b380000, 0x0000000774880000, 0x00000007c0000000)
  eden space 65536K, 0% used [0x000000076b380000,0x000000076b380000,0x000000076f380000)
  from space 10752K, 54% used [0x000000076f380000,0x000000076f92e628,0x000000076fe00000)
  to   space 10752K, 0% used [0x0000000773e00000,0x0000000773e00000,0x0000000774880000)
 ParOldGen       total 175104K, used 32K [0x00000006c1a00000, 0x00000006cc500000, 0x000000076b380000)
  object space 175104K, 0% used [0x00000006c1a00000,0x00000006c1a08000,0x00000006cc500000)
 Metaspace       used 20532K, capacity 21248K, committed 21296K, reserved 1067008K
  class space    used 2708K, capacity 2916K, committed 2944K, reserved 1048576K
Event: 4.307 GC heap after
Heap after GC invocations=4 (full 1):
 PSYoungGen      total 76288K, used 0K [0x000000076b380000, 0x0000000774880000, 0x00000007c0000000)
  eden space 65536K, 0% used [0x000000076b380000,0x000000076b380000,0x000000076f380000)
  from space 10752K, 0% used [0x000000076f380000,0x000000076f380000,0x000000076fe00000)
  to   space 10752K, 0% used [0x0000000773e00000,0x0000000773e00000,0x0000000774880000)
 ParOldGen       total 92672K, used 5676K [0x00000006c1a00000, 0x00000006c7480000, 0x000000076b380000)
  object space 92672K, 6% used [0x00000006c1a00000,0x00000006c1f8b090,0x00000006c7480000)
 Metaspace       used 20530K, capacity 21242K, committed 21296K, reserved 1067008K
  class space    used 2707K, capacity 2915K, committed 2944K, reserved 1048576K
}
Event: 5.577 GC heap before
{Heap before GC invocations=5 (full 1):
 PSYoungGen      total 76288K, used 65536K [0x000000076b380000, 0x0000000774880000, 0x00000007c0000000)
  eden space 65536K, 100% used [0x000000076b380000,0x000000076f380000,0x000000076f380000)
  from space 10752K, 0% used [0x000000076f380000,0x000000076f380000,0x000000076fe00000)
  to   space 10752K, 0% used [0x0000000773e00000,0x0000000773e00000,0x0000000774880000)
 ParOldGen       total 92672K, used 5676K [0x00000006c1a00000, 0x00000006c7480000, 0x000000076b380000)
  object space 92672K, 6% used [0x00000006c1a00000,0x00000006c1f8b090,0x00000006c7480000)
 Metaspace       used 23769K, capacity 24728K, committed 24960K, reserved 1071104K
  class space    used 3199K, capacity 3430K, committed 3456K, reserved 1048576K
Event: 5.582 GC heap after
Heap after GC invocations=5 (full 1):
 PSYoungGen      total 113664K, used 6437K [0x000000076b380000, 0x0000000774480000, 0x00000007c0000000)
  eden space 107008K, 0% used [0x000000076b380000,0x000000076b380000,0x0000000771c00000)
  from space 6656K, 96% used [0x0000000773e00000,0x0000000774449648,0x0000000774480000)
  to   space 10752K, 0% used [0x0000000772f80000,0x0000000772f80000,0x0000000773a00000)
 ParOldGen       total 92672K, used 5684K [0x00000006c1a00000, 0x00000006c7480000, 0x000000076b380000)
  object space 92672K, 6% used [0x00000006c1a00000,0x00000006c1f8d090,0x00000006c7480000)
 Metaspace       used 23769K, capacity 24728K, committed 24960K, reserved 1071104K
  class space    used 3199K, capacity 3430K, committed 3456K, reserved 1048576K
}
Event: 7.394 GC heap before
{Heap before GC invocations=6 (full 1):
 PSYoungGen      total 113664K, used 113445K [0x000000076b380000, 0x0000000774480000, 0x00000007c0000000)
  eden space 107008K, 100% used [0x000000076b380000,0x0000000771c00000,0x0000000771c00000)
  from space 6656K, 96% used [0x0000000773e00000,0x0000000774449648,0x0000000774480000)
  to   space 10752K, 0% used [0x0000000772f80000,0x0000000772f80000,0x0000000773a00000)
 ParOldGen       total 92672K, used 5684K [0x00000006c1a00000, 0x00000006c7480000, 0x000000076b380000)
  object space 92672K, 6% used [0x00000006c1a00000,0x00000006c1f8d090,0x00000006c7480000)
 Metaspace       used 32157K, capacity 33688K, committed 33920K, reserved 1079296K
  class space    used 4300K, capacity 4628K, committed 4736K, reserved 1048576K
Event: 7.404 GC heap after
Heap after GC invocations=6 (full 1):
 PSYoungGen      total 137728K, used 10727K [0x000000076b380000, 0x0000000777200000, 0x00000007c0000000)
  eden space 126976K, 0% used [0x000000076b380000,0x000000076b380000,0x0000000772f80000)
  from space 10752K, 99% used [0x0000000772f80000,0x00000007739f9dd0,0x0000000773a00000)
  to   space 12800K, 0% used [0x0000000776580000,0x0000000776580000,0x0000000777200000)
 ParOldGen       total 92672K, used 5965K [0x00000006c1a00000, 0x00000006c7480000, 0x000000076b380000)
  object space 92672K, 6% used [0x00000006c1a00000,0x00000006c1fd37b8,0x00000006c7480000)
 Metaspace       used 32157K, capacity 33688K, committed 33920K, reserved 1079296K
  class space    used 4300K, capacity 4628K, committed 4736K, reserved 1048576K
}
Event: 7.870 GC heap before
{Heap before GC invocations=7 (full 1):
 PSYoungGen      total 137728K, used 39743K [0x000000076b380000, 0x0000000777200000, 0x00000007c0000000)
  eden space 126976K, 22% used [0x000000076b380000,0x000000076cfd60b8,0x0000000772f80000)
  from space 10752K, 99% used [0x0000000772f80000,0x00000007739f9dd0,0x0000000773a00000)
  to   space 12800K, 0% used [0x0000000776580000,0x0000000776580000,0x0000000777200000)
 ParOldGen       total 92672K, used 5965K [0x00000006c1a00000, 0x00000006c7480000, 0x000000076b380000)
  object space 92672K, 6% used [0x00000006c1a00000,0x00000006c1fd37b8,0x00000006c7480000)
 Metaspace       used 33726K, capacity 35460K, committed 35496K, reserved 1079296K
  class space    used 4516K, capacity 4852K, committed 4864K, reserved 1048576K
Event: 7.878 GC heap after
Heap after GC invocations=7 (full 1):
 PSYoungGen      total 182272K, used 9186K [0x000000076b380000, 0x0000000779080000, 0x00000007c0000000)
  eden space 169472K, 0% used [0x000000076b380000,0x000000076b380000,0x0000000775900000)
  from space 12800K, 71% used [0x0000000776580000,0x0000000776e78bb8,0x0000000777200000)
  to   space 12800K, 0% used [0x0000000775900000,0x0000000775900000,0x0000000776580000)
 ParOldGen       total 92672K, used 5973K [0x00000006c1a00000, 0x00000006c7480000, 0x000000076b380000)
  object space 92672K, 6% used [0x00000006c1a00000,0x00000006c1fd57b8,0x00000006c7480000)
 Metaspace       used 33726K, capacity 35460K, committed 35496K, reserved 1079296K
  class space    used 4516K, capacity 4852K, committed 4864K, reserved 1048576K
}
Event: 7.878 GC heap before
{Heap before GC invocations=8 (full 2):
 PSYoungGen      total 182272K, used 9186K [0x000000076b380000, 0x0000000779080000, 0x00000007c0000000)
  eden space 169472K, 0% used [0x000000076b380000,0x000000076b380000,0x0000000775900000)
  from space 12800K, 71% used [0x0000000776580000,0x0000000776e78bb8,0x0000000777200000)
  to   space 12800K, 0% used [0x0000000775900000,0x0000000775900000,0x0000000776580000)
 ParOldGen       total 92672K, used 5973K [0x00000006c1a00000, 0x00000006c7480000, 0x000000076b380000)
  object space 92672K, 6% used [0x00000006c1a00000,0x00000006c1fd57b8,0x00000006c7480000)
 Metaspace       used 33726K, capacity 35460K, committed 35496K, reserved 1079296K
  class space    used 4516K, capacity 4852K, committed 4864K, reserved 1048576K
Event: 7.975 GC heap after
Heap after GC invocations=8 (full 2):
 PSYoungGen      total 182272K, used 0K [0x000000076b380000, 0x0000000779080000, 0x00000007c0000000)
  eden space 169472K, 0% used [0x000000076b380000,0x000000076b380000,0x0000000775900000)
  from space 12800K, 0% used [0x0000000776580000,0x0000000776580000,0x0000000777200000)
  to   space 12800K, 0% used [0x0000000775900000,0x0000000775900000,0x0000000776580000)
 ParOldGen       total 147968K, used 13845K [0x00000006c1a00000, 0x00000006caa80000, 0x000000076b380000)
  object space 147968K, 9% used [0x00000006c1a00000,0x00000006c2785630,0x00000006caa80000)
 Metaspace       used 33726K, capacity 35460K, committed 35496K, reserved 1079296K
  class space    used 4516K, capacity 4852K, committed 4864K, reserved 1048576K
}

